<?xml version="1.0" encoding="UTF-8"?>
<!-- Generated by org.testng.reporters.JUnitXMLReporter -->
<testsuite ignored="0" hostname="MOHAN" failures="0" tests="4" name="ChromeTest" time="0.247" errors="0" timestamp="2022-09-30T17:15:14 IST">
  <testcase classname="pack0.VerifyRoomsPage1" name="@BeforeTest openBrowser" time="0.019">
    <failure type="java.lang.NullPointerException" message="Cannot invoke &amp;quot;org.openqa.selenium.WebDriver.manage()&amp;quot; because &amp;quot;this.driver&amp;quot; is null">
      <![CDATA[java.lang.NullPointerException: Cannot invoke "org.openqa.selenium.WebDriver.manage()" because "this.driver" is null
at pack0.VerifyRoomsPage1.openBrowser(VerifyRoomsPage1.java:52)
... Removed 22 stack frames]]>
    </failure>
  </testcase> <!-- @BeforeTest openBrowser -->
  <testcase classname="pack0.VerifyRoomsPage2" name="@BeforeTest openBrowser" time="-1.664538314498E9">
    <skipped/>
  </testcase> <!-- @BeforeTest openBrowser -->
  <testcase classname="pack0.VerifyRoomsPage1" name="@BeforeClass creatPOMObject" time="-1.664538314587E9">
    <skipped/>
  </testcase> <!-- @BeforeClass creatPOMObject -->
  <testcase classname="pack0.VerifyRoomsPage2" name="@BeforeClass creatPOMObject" time="-1.664538314595E9">
    <skipped/>
  </testcase> <!-- @BeforeClass creatPOMObject -->
  <testcase classname="pack0.VerifyRoomsPage2" name="@BeforeMethod openRoomPage" time="-1.66453831461E9">
    <skipped/>
  </testcase> <!-- @BeforeMethod openRoomPage -->
  <testcase classname="pack0.VerifyRoomsPage1" name="@BeforeMethod openRoomPage" time="-1.664538314611E9">
    <skipped/>
  </testcase> <!-- @BeforeMethod openRoomPage -->
  <testcase classname="pack0.VerifyRoomsPage1" name="@AfterMethod afterMethod" time="-1.664538314623E9">
    <skipped/>
  </testcase> <!-- @AfterMethod afterMethod -->
  <testcase classname="pack0.VerifyRoomsPage2" name="@AfterMethod afterMethod" time="-1.664538314624E9">
    <skipped/>
  </testcase> <!-- @AfterMethod afterMethod -->
  <testcase classname="pack0.VerifyRoomsPage1" name="@BeforeMethod openRoomPage" time="-1.66453831466E9">
    <skipped/>
  </testcase> <!-- @BeforeMethod openRoomPage -->
  <testcase classname="pack0.VerifyRoomsPage2" name="@BeforeMethod openRoomPage" time="-1.66453831466E9">
    <skipped/>
  </testcase> <!-- @BeforeMethod openRoomPage -->
  <testcase classname="pack0.VerifyRoomsPage1" name="@AfterMethod afterMethod" time="-1.664538314664E9">
    <skipped/>
  </testcase> <!-- @AfterMethod afterMethod -->
  <testcase classname="pack0.VerifyRoomsPage1" name="@AfterClass afterClass" time="-1.664538314666E9">
    <skipped/>
  </testcase> <!-- @AfterClass afterClass -->
  <testcase classname="pack0.VerifyRoomsPage2" name="@AfterMethod afterMethod" time="-1.664538314675E9">
    <skipped/>
  </testcase> <!-- @AfterMethod afterMethod -->
  <testcase classname="pack0.VerifyRoomsPage2" name="@AfterClass afterClass" time="-1.664538314677E9">
    <skipped/>
  </testcase> <!-- @AfterClass afterClass -->
  <testcase classname="pack0.VerifyRoomsPage1" name="@AfterTest closeBrowser" time="-1.66453831468E9">
    <skipped/>
  </testcase> <!-- @AfterTest closeBrowser -->
  <testcase classname="pack0.VerifyRoomsPage2" name="@AfterTest closeBrowser" time="-1.664538314683E9">
    <skipped/>
  </testcase> <!-- @AfterTest closeBrowser -->
  <testcase classname="pack0.VerifyRoomsPage1" name="verifycontactToHelpCenterButton" time="0.0">
    <skipped/>
  </testcase> <!-- verifycontactToHelpCenterButton -->
  <testcase classname="pack0.VerifyRoomsPage2" name="verifycontactToHelpCenterButton" time="0.0">
    <skipped/>
  </testcase> <!-- verifycontactToHelpCenterButton -->
  <testcase classname="pack0.VerifyRoomsPage1" name="verifygoBackToMessengerButton" time="0.0">
    <skipped/>
  </testcase> <!-- verifygoBackToMessengerButton -->
  <testcase classname="pack0.VerifyRoomsPage2" name="verifygoBackToMessengerButton" time="0.0">
    <skipped/>
  </testcase> <!-- verifygoBackToMessengerButton -->
</testsuite> <!-- ChromeTest -->
