<?xml version="1.0" encoding="UTF-8"?>
<!-- Generated by org.testng.reporters.JUnitXMLReporter -->
<testsuite ignored="0" hostname="MOHAN" failures="0" tests="4" name="ChromeTest" time="37.171" errors="0" timestamp="2022-09-29T17:30:15 IST">
  <testcase classname="pack0.VerifyRoomsPage1" name="verifycontactToHelpCenterButton" time="4.356"/>
  <testcase classname="pack0.VerifyRoomsPage2" name="verifycontactToHelpCenterButton" time="4.682"/>
  <testcase classname="pack0.VerifyRoomsPage1" name="verifygoBackToMessengerButton" time="2.906"/>
  <testcase classname="pack0.VerifyRoomsPage2" name="verifygoBackToMessengerButton" time="4.774"/>
</testsuite> <!-- ChromeTest -->
