<?xml version="1.0" encoding="UTF-8"?>
<!-- Generated by org.testng.reporters.JUnitXMLReporter -->
<testsuite ignored="0" hostname="MOHAN" failures="0" tests="4" name="CromeTest" time="0.141" errors="0" timestamp="2022-09-30T17:16:36 IST">
  <testcase classname="pack0.VerifyRoomsPage1" name="@BeforeTest openBrowser" time="0.011">
    <failure type="java.lang.NullPointerException" message="Cannot invoke &amp;quot;org.openqa.selenium.WebDriver.manage()&amp;quot; because &amp;quot;this.driver&amp;quot; is null">
      <![CDATA[java.lang.NullPointerException: Cannot invoke "org.openqa.selenium.WebDriver.manage()" because "this.driver" is null
at pack0.VerifyRoomsPage1.openBrowser(VerifyRoomsPage1.java:52)
... Removed 22 stack frames]]>
    </failure>
  </testcase> <!-- @BeforeTest openBrowser -->
  <testcase classname="pack0.VerifyRoomsPage2" name="@BeforeTest openBrowser" time="-1.664538396138E9">
    <skipped/>
  </testcase> <!-- @BeforeTest openBrowser -->
  <testcase classname="pack0.VerifyRoomsPage1" name="@BeforeClass creatPOMObject" time="-1.664538396161E9">
    <skipped/>
  </testcase> <!-- @BeforeClass creatPOMObject -->
  <testcase classname="pack0.VerifyRoomsPage2" name="@BeforeClass creatPOMObject" time="-1.664538396166E9">
    <skipped/>
  </testcase> <!-- @BeforeClass creatPOMObject -->
  <testcase classname="pack0.VerifyRoomsPage2" name="@BeforeMethod openRoomPage" time="-1.664538396189E9">
    <skipped/>
  </testcase> <!-- @BeforeMethod openRoomPage -->
  <testcase classname="pack0.VerifyRoomsPage1" name="@BeforeMethod openRoomPage" time="-1.664538396194E9">
    <skipped/>
  </testcase> <!-- @BeforeMethod openRoomPage -->
  <testcase classname="pack0.VerifyRoomsPage2" name="@AfterMethod afterMethod" time="-1.664538396205E9">
    <skipped/>
  </testcase> <!-- @AfterMethod afterMethod -->
  <testcase classname="pack0.VerifyRoomsPage2" name="@BeforeMethod openRoomPage" time="-1.66453839621E9">
    <skipped/>
  </testcase> <!-- @BeforeMethod openRoomPage -->
  <testcase classname="pack0.VerifyRoomsPage2" name="@AfterMethod afterMethod" time="-1.66453839622E9">
    <skipped/>
  </testcase> <!-- @AfterMethod afterMethod -->
  <testcase classname="pack0.VerifyRoomsPage2" name="@AfterClass afterClass" time="-1.664538396223E9">
    <skipped/>
  </testcase> <!-- @AfterClass afterClass -->
  <testcase classname="pack0.VerifyRoomsPage1" name="@AfterMethod afterMethod" time="-1.664538396225E9">
    <skipped/>
  </testcase> <!-- @AfterMethod afterMethod -->
  <testcase classname="pack0.VerifyRoomsPage1" name="@BeforeMethod openRoomPage" time="-1.664538396232E9">
    <skipped/>
  </testcase> <!-- @BeforeMethod openRoomPage -->
  <testcase classname="pack0.VerifyRoomsPage1" name="@AfterMethod afterMethod" time="-1.664538396243E9">
    <skipped/>
  </testcase> <!-- @AfterMethod afterMethod -->
  <testcase classname="pack0.VerifyRoomsPage1" name="@AfterClass afterClass" time="-1.664538396245E9">
    <skipped/>
  </testcase> <!-- @AfterClass afterClass -->
  <testcase classname="pack0.VerifyRoomsPage1" name="@AfterTest closeBrowser" time="-1.664538396248E9">
    <skipped/>
  </testcase> <!-- @AfterTest closeBrowser -->
  <testcase classname="pack0.VerifyRoomsPage2" name="@AfterTest closeBrowser" time="-1.66453839625E9">
    <skipped/>
  </testcase> <!-- @AfterTest closeBrowser -->
  <testcase classname="pack0.VerifyRoomsPage2" name="verifycontactToHelpCenterButton" time="0.0">
    <skipped/>
  </testcase> <!-- verifycontactToHelpCenterButton -->
  <testcase classname="pack0.VerifyRoomsPage1" name="verifycontactToHelpCenterButton" time="0.0">
    <skipped/>
  </testcase> <!-- verifycontactToHelpCenterButton -->
  <testcase classname="pack0.VerifyRoomsPage2" name="verifygoBackToMessengerButton" time="0.0">
    <skipped/>
  </testcase> <!-- verifygoBackToMessengerButton -->
  <testcase classname="pack0.VerifyRoomsPage1" name="verifygoBackToMessengerButton" time="0.0">
    <skipped/>
  </testcase> <!-- verifygoBackToMessengerButton -->
</testsuite> <!-- CromeTest -->
