<?xml version="1.0" encoding="UTF-8"?>
<!-- Generated by org.testng.reporters.JUnitXMLReporter -->
<testsuite ignored="0" hostname="MOHAN" failures="0" tests="4" name="InternerExplorer" time="0.054" errors="0" timestamp="2022-09-27T08:01:11 IST">
  <testcase classname="pack0.VerifyRoomsPage1" name="@BeforeTest openBrowser" time="0.002">
    <failure type="java.lang.NullPointerException" message="Cannot invoke &amp;quot;org.openqa.selenium.WebDriver.manage()&amp;quot; because &amp;quot;this.driver&amp;quot; is null">
      <![CDATA[java.lang.NullPointerException: Cannot invoke "org.openqa.selenium.WebDriver.manage()" because "this.driver" is null
at pack0.VerifyRoomsPage1.openBrowser(VerifyRoomsPage1.java:52)
... Removed 22 stack frames]]>
    </failure>
  </testcase> <!-- @BeforeTest openBrowser -->
  <testcase classname="pack0.VerifyRoomsPage2" name="@BeforeTest openBrowser" time="-1.664245871195E9">
    <skipped/>
  </testcase> <!-- @BeforeTest openBrowser -->
  <testcase classname="pack0.VerifyRoomsPage1" name="@BeforeClass creatPOMObject" time="-1.664245871199E9">
    <skipped/>
  </testcase> <!-- @BeforeClass creatPOMObject -->
  <testcase classname="pack0.VerifyRoomsPage2" name="@BeforeClass creatPOMObject" time="-1.664245871199E9">
    <skipped/>
  </testcase> <!-- @BeforeClass creatPOMObject -->
  <testcase classname="pack0.VerifyRoomsPage1" name="@BeforeMethod openRoomPage" time="-1.664245871203E9">
    <skipped/>
  </testcase> <!-- @BeforeMethod openRoomPage -->
  <testcase classname="pack0.VerifyRoomsPage2" name="@BeforeMethod openRoomPage" time="-1.664245871203E9">
    <skipped/>
  </testcase> <!-- @BeforeMethod openRoomPage -->
  <testcase classname="pack0.VerifyRoomsPage1" name="@AfterMethod afterMethod" time="-1.664245871212E9">
    <skipped/>
  </testcase> <!-- @AfterMethod afterMethod -->
  <testcase classname="pack0.VerifyRoomsPage2" name="@AfterMethod afterMethod" time="-1.664245871215E9">
    <skipped/>
  </testcase> <!-- @AfterMethod afterMethod -->
  <testcase classname="pack0.VerifyRoomsPage1" name="@BeforeMethod openRoomPage" time="-1.664245871217E9">
    <skipped/>
  </testcase> <!-- @BeforeMethod openRoomPage -->
  <testcase classname="pack0.VerifyRoomsPage2" name="@BeforeMethod openRoomPage" time="-1.664245871219E9">
    <skipped/>
  </testcase> <!-- @BeforeMethod openRoomPage -->
  <testcase classname="pack0.VerifyRoomsPage1" name="@AfterMethod afterMethod" time="-1.664245871223E9">
    <skipped/>
  </testcase> <!-- @AfterMethod afterMethod -->
  <testcase classname="pack0.VerifyRoomsPage2" name="@AfterMethod afterMethod" time="-1.664245871232E9">
    <skipped/>
  </testcase> <!-- @AfterMethod afterMethod -->
  <testcase classname="pack0.VerifyRoomsPage1" name="@AfterClass afterClass" time="-1.664245871234E9">
    <skipped/>
  </testcase> <!-- @AfterClass afterClass -->
  <testcase classname="pack0.VerifyRoomsPage2" name="@AfterClass afterClass" time="-1.664245871235E9">
    <skipped/>
  </testcase> <!-- @AfterClass afterClass -->
  <testcase classname="pack0.VerifyRoomsPage1" name="@AfterTest closeBrowser" time="-1.664245871239E9">
    <skipped/>
  </testcase> <!-- @AfterTest closeBrowser -->
  <testcase classname="pack0.VerifyRoomsPage2" name="@AfterTest closeBrowser" time="-1.664245871241E9">
    <skipped/>
  </testcase> <!-- @AfterTest closeBrowser -->
  <testcase classname="pack0.VerifyRoomsPage1" name="verifycontactToHelpCenterButton" time="0.0">
    <skipped/>
  </testcase> <!-- verifycontactToHelpCenterButton -->
  <testcase classname="pack0.VerifyRoomsPage2" name="verifycontactToHelpCenterButton" time="0.0">
    <skipped/>
  </testcase> <!-- verifycontactToHelpCenterButton -->
  <testcase classname="pack0.VerifyRoomsPage1" name="verifygoBackToMessengerButton" time="0.0">
    <skipped/>
  </testcase> <!-- verifygoBackToMessengerButton -->
  <testcase classname="pack0.VerifyRoomsPage2" name="verifygoBackToMessengerButton" time="0.0">
    <skipped/>
  </testcase> <!-- verifygoBackToMessengerButton -->
</testsuite> <!-- InternerExplorer -->
