<?xml version="1.0" encoding="UTF-8"?>
<!-- Generated by org.testng.reporters.JUnitXMLReporter -->
<testsuite ignored="0" hostname="MOHAN" failures="0" tests="4" name="Test" time="26.908" errors="0" timestamp="2022-09-17T15:36:12 IST">
  <testcase classname="Pack.TestNG" name="test1" time="0.007"/>
  <testcase classname="Pack.TestNG" name="test2" time="0.003"/>
  <testcase classname="pack0.VerifyRoomsPage" name="verifycontactToHelpCenterButton" time="3.488"/>
  <testcase classname="pack0.VerifyRoomsPage" name="verifygoBackToMessengerButton" time="4.154"/>
</testsuite> <!-- Test -->
